<?xml version="1.0" encoding="UTF-8"?>
<!-- Generated by org.testng.reporters.JUnitReportReporter -->
<testsuite name="demo.NewTest" tests="1" time="3.956" ignored="0" failures="0" timestamp="28 Feb 2017 05:26:47 GMT" skipped="0" hostname="DIN16002798" errors="0">
  <testcase name="testEasy" time="3.956" classname="demo.NewTest"/>
</testsuite> <!-- demo.NewTest -->
